<?xml version="1.0" encoding="UTF-8"?>
<!-- Generated by org.testng.reporters.JUnitXMLReporter -->
<testsuite hostname="sathyas-mbp" ignored="0" name="Free Flight search App Test Cases" tests="5" failures="0" timestamp="17 Jul 2019 12:01:37 GMT" time="559.279" errors="0">
  <testcase name="verifyContactsPageLabel" time="60.943" classname="com.fli.qa.testcases.HomePageTest"/>
  <testcase name="verifyContactsPageLabel" time="62.255" classname="com.fli.qa.testcases.HomePageTest"/>
  <testcase name="verifyContactsPageLabel" time="273.555" classname="com.fli.qa.testcases.HomePageTest"/>
  <testcase name="verifyContactsPageLabel" time="61.237" classname="com.fli.qa.testcases.HomePageTest"/>
  <testcase name="verifyContactsPageLabel" time="67.409" classname="com.fli.qa.testcases.HomePageTest"/>
</testsuite> <!-- Free Flight search App Test Cases -->
